2017-07-21 20:47:03 debug AnyEvent::Loop: Using Time::HiRes::time (non-monotonic) clock as timebase.
2017-07-21 20:47:03 info  AnyEvent: Autoloaded model 'AnyEvent::Impl::Perl', using it.
2017-07-21 20:47:04 debug AnyEvent::Base: using Time::HiRes for sub-second timing accuracy.
2017-07-21 20:47:04 info  main: main perl v5.18.2 on MSWin32, AnyEvent 7.13, Protocol::WebSocket 0.20
2017-07-21 20:47:04 info  main: main started on 0.0.0.0:8888
2017-07-21 20:47:04 info  main: main::stat.timer accepted sol/s = 0.0000
2017-07-21 20:49:42 debug AnyEvent::Loop: Using Time::HiRes::time (non-monotonic) clock as timebase.
2017-07-21 20:49:42 info  AnyEvent: Autoloaded model 'AnyEvent::Impl::Perl', using it.
2017-07-21 20:49:42 debug AnyEvent::Base: using Time::HiRes for sub-second timing accuracy.
2017-07-21 20:49:42 info  main: main perl v5.18.2 on MSWin32, AnyEvent 7.13, Protocol::WebSocket 0.20
2017-07-21 20:49:42 info  main: main started on 0.0.0.0:8888
2017-07-21 20:49:42 info  main: main::stat.timer accepted sol/s = 0.0000
2017-07-21 20:49:43 info  main: main::stratum.on_connect connected
2017-07-21 20:49:43 debug main: main::stratum_tx  send {"id":1,"method":"mining.subscribe","params":["jazecminer","eu1-zcash.flypool.org",3333]}
2017-07-21 20:49:43 debug main: main::stratum_read  got {"error":null,"id":1,"result":["0148602fdb","0148602fdb"]}
2017-07-21 20:49:43 info  main: main::stratum_subscribed nonce1 0148602fdb
2017-07-21 20:49:43 debug main: main::stratum_tx  send {"id":2,"method":"mining.authorize","params":["t1Vm6PbF2ZkSLshWHKwLqxD7oU6TgEDX5nV.js","x"]}
2017-07-21 20:49:43 debug main: main::stratum_read  got {"error":null,"id":2,"result":true}
2017-07-21 20:49:43 info  main: main::stratum_read authorized
2017-07-21 20:49:43 debug main: main::stratum_read  got {"id":null,"method":"mining.set_target","params":["00083126e978d4fdf3b645a1cac083126e978d4fdf3b645a1cac083126e978d4"]}
2017-07-21 20:49:43 info  main: main::stratum_got_target target 00083126e978d4fdf3b645a1cac083126e978d4fdf3b645a1cac083126e978d4
2017-07-21 20:49:43 debug main: main::stratum_tx  send {"id":3,"method":"mining.extranonce.subscribe","params":[]}
2017-07-21 20:49:44 debug main: main::stratum_read  got {"id":null,"method":"mining.notify","params":["433528b5d395c6471786","04000000","a2c4abab26efdfdd2c9f7e4f85e6bd465f8980c88c2cce73d786e60f00000000","99418e11b06ae87458baa71f83586cf534e9bb0ad64f06840fb4d139d2378e03","0000000000000000000000000000000000000000000000000000000000000000","733e7259","d312221c",true]}
2017-07-21 20:49:44 info  main: main::stratum_got_job job 433528b5d395c6471786 04000000 a2c4abab26efdfdd2c9f7e4f85e6bd465f8980c88c2cce73d786e60f00000000 99418e11b06ae87458baa71f83586cf534e9bb0ad64f06840fb4d139d2378e03 0000000000000000000000000000000000000000000000000000000000000000 733e7259 d312221c 1
2017-07-21 20:50:13 debug AnyEvent::Loop: Using Time::HiRes::time (non-monotonic) clock as timebase.
2017-07-21 20:50:13 info  AnyEvent: Autoloaded model 'AnyEvent::Impl::Perl', using it.
2017-07-21 20:50:13 debug AnyEvent::Base: using Time::HiRes for sub-second timing accuracy.
2017-07-21 20:50:13 info  main: main perl v5.18.2 on MSWin32, AnyEvent 7.13, Protocol::WebSocket 0.20
2017-07-21 20:50:13 info  main: main started on 0.0.0.0:8888
2017-07-21 20:50:13 info  main: main::stat.timer accepted sol/s = 0.0000
2017-07-21 20:51:10 debug AnyEvent::Loop: Using Time::HiRes::time (non-monotonic) clock as timebase.
2017-07-21 20:51:10 info  AnyEvent: Autoloaded model 'AnyEvent::Impl::Perl', using it.
2017-07-21 20:51:10 debug AnyEvent::Base: using Time::HiRes for sub-second timing accuracy.
2017-07-21 20:51:10 info  main: main perl v5.18.2 on MSWin32, AnyEvent 7.13, Protocol::WebSocket 0.20
2017-07-21 20:51:10 info  main: main started on 0.0.0.0:8888
2017-07-21 20:51:10 info  main: main::stat.timer accepted sol/s = 0.0000
2017-07-21 20:51:10 info  main: main::stratum.on_connect connected
2017-07-21 20:51:10 debug main: main::stratum_tx  send {"id":1,"method":"mining.subscribe","params":["jazecminer","eu1-zcash.flypool.org",3333]}
2017-07-21 20:51:11 debug main: main::stratum_read  got {"error":null,"id":1,"result":["013175b457","013175b457"]}
2017-07-21 20:51:11 info  main: main::stratum_subscribed nonce1 013175b457
2017-07-21 20:51:11 debug main: main::stratum_tx  send {"id":2,"method":"mining.authorize","params":["t1Vm6PbF2ZkSLshWHKwLqxD7oU6TgEDX5nV.js","x"]}
2017-07-21 20:51:11 debug main: main::stratum_read  got {"error":null,"id":2,"result":true}
2017-07-21 20:51:11 info  main: main::stratum_read authorized
2017-07-21 20:51:11 debug main: main::stratum_read  got {"id":null,"method":"mining.set_target","params":["00083126e978d4fdf3b645a1cac083126e978d4fdf3b645a1cac083126e978d4"]}
2017-07-21 20:51:11 info  main: main::stratum_got_target target 00083126e978d4fdf3b645a1cac083126e978d4fdf3b645a1cac083126e978d4
2017-07-21 20:51:11 debug main: main::stratum_tx  send {"id":3,"method":"mining.extranonce.subscribe","params":[]}
2017-07-21 20:51:12 debug main: main::stratum_read  got {"id":null,"method":"mining.notify","params":["dd0f2468c509aa9916e4","04000000","a2c4abab26efdfdd2c9f7e4f85e6bd465f8980c88c2cce73d786e60f00000000","99418e11b06ae87458baa71f83586cf534e9bb0ad64f06840fb4d139d2378e03","0000000000000000000000000000000000000000000000000000000000000000","733e7259","d312221c",true]}
2017-07-21 20:51:12 info  main: main::stratum_got_job job dd0f2468c509aa9916e4 04000000 a2c4abab26efdfdd2c9f7e4f85e6bd465f8980c88c2cce73d786e60f00000000 99418e11b06ae87458baa71f83586cf534e9bb0ad64f06840fb4d139d2378e03 0000000000000000000000000000000000000000000000000000000000000000 733e7259 d312221c 1
2017-07-21 20:51:19 debug main: main::stratum_read  got {"id":null,"method":"mining.notify","params":["55d2474e1b03f79b3013","04000000","a2c4abab26efdfdd2c9f7e4f85e6bd465f8980c88c2cce73d786e60f00000000","805e33a369ce6a6a051475cf67a47c69dee8140657de89b58a69e4669566e39a","0000000000000000000000000000000000000000000000000000000000000000","273f7259","d312221c",true]}
2017-07-21 20:51:19 info  main: main::stratum_got_job job 55d2474e1b03f79b3013 04000000 a2c4abab26efdfdd2c9f7e4f85e6bd465f8980c88c2cce73d786e60f00000000 805e33a369ce6a6a051475cf67a47c69dee8140657de89b58a69e4669566e39a 0000000000000000000000000000000000000000000000000000000000000000 273f7259 d312221c 1
2017-07-21 20:51:37 debug AnyEvent::Loop: Using Time::HiRes::time (non-monotonic) clock as timebase.
2017-07-21 20:51:37 info  AnyEvent: Autoloaded model 'AnyEvent::Impl::Perl', using it.
2017-07-21 20:51:37 debug AnyEvent::Base: using Time::HiRes for sub-second timing accuracy.
2017-07-21 20:51:37 info  main: main perl v5.18.2 on MSWin32, AnyEvent 7.13, Protocol::WebSocket 0.20
2017-07-21 20:51:37 info  main: main started on 0.0.0.0:8888
2017-07-21 20:51:37 info  main: main::stat.timer accepted sol/s = 0.0000
2017-07-21 20:51:38 info  main: main::stratum.on_connect connected
2017-07-21 20:51:38 debug main: main::stratum_tx  send {"id":1,"method":"mining.subscribe","params":["jazecminer","eu1-zcash.flypool.org",3333]}
2017-07-21 20:51:38 debug main: main::stratum_read  got {"error":null,"id":1,"result":["010e113584","010e113584"]}
2017-07-21 20:51:38 info  main: main::stratum_subscribed nonce1 010e113584
2017-07-21 20:51:38 debug main: main::stratum_tx  send {"id":2,"method":"mining.authorize","params":["t1Vm6PbF2ZkSLshWHKwLqxD7oU6TgEDX5nV.js","x"]}
2017-07-21 20:51:38 debug main: main::stratum_read  got {"error":null,"id":2,"result":true}
2017-07-21 20:51:38 info  main: main::stratum_read authorized
2017-07-21 20:51:38 debug main: main::stratum_read  got {"id":null,"method":"mining.set_target","params":["00083126e978d4fdf3b645a1cac083126e978d4fdf3b645a1cac083126e978d4"]}
2017-07-21 20:51:38 info  main: main::stratum_got_target target 00083126e978d4fdf3b645a1cac083126e978d4fdf3b645a1cac083126e978d4
2017-07-21 20:51:38 debug main: main::stratum_tx  send {"id":3,"method":"mining.extranonce.subscribe","params":[]}
2017-07-21 20:51:39 debug main: main::stratum_read  got {"id":null,"method":"mining.notify","params":["4443b9f9944bab214df9","04000000","a2c4abab26efdfdd2c9f7e4f85e6bd465f8980c88c2cce73d786e60f00000000","805e33a369ce6a6a051475cf67a47c69dee8140657de89b58a69e4669566e39a","0000000000000000000000000000000000000000000000000000000000000000","273f7259","d312221c",true]}
2017-07-21 20:51:39 info  main: main::stratum_got_job job 4443b9f9944bab214df9 04000000 a2c4abab26efdfdd2c9f7e4f85e6bd465f8980c88c2cce73d786e60f00000000 805e33a369ce6a6a051475cf67a47c69dee8140657de89b58a69e4669566e39a 0000000000000000000000000000000000000000000000000000000000000000 273f7259 d312221c 1
2017-07-21 20:52:54 debug main: main::stratum_read  got {"id":null,"method":"mining.notify","params":["4226e80b77c71204756b","04000000","b97b92a2dc112148ec386234d8e3c076ca9a6a420c44a77ce874cd0100000000","3feafc7ef4f3c5e601e040999ae6c8c44dcf7d736c3ebae5ceabc3f4424f2005","0000000000000000000000000000000000000000000000000000000000000000","863f7259","d129221c",true]}
2017-07-21 20:52:54 info  main: main::stratum_got_job job 4226e80b77c71204756b 04000000 b97b92a2dc112148ec386234d8e3c076ca9a6a420c44a77ce874cd0100000000 3feafc7ef4f3c5e601e040999ae6c8c44dcf7d736c3ebae5ceabc3f4424f2005 0000000000000000000000000000000000000000000000000000000000000000 863f7259 d129221c 1
2017-07-21 20:53:37 debug main: main::stratum_read  got {"id":null,"method":"mining.notify","params":["7a6637ce09e6e9308b2c","04000000","3da8456bf858d7d45bbdf19bcc97acbcf5b6d250f880bb53a410400e00000000","c20954af7f55972a9b448d8191270e1a52a3c15c098d5930f79c25cbbe8e7ffa","0000000000000000000000000000000000000000000000000000000000000000","b13f7259","21c7211c",true]}
2017-07-21 20:53:37 info  main: main::stratum_got_job job 7a6637ce09e6e9308b2c 04000000 3da8456bf858d7d45bbdf19bcc97acbcf5b6d250f880bb53a410400e00000000 c20954af7f55972a9b448d8191270e1a52a3c15c098d5930f79c25cbbe8e7ffa 0000000000000000000000000000000000000000000000000000000000000000 b13f7259 21c7211c 1
